<?xml version="1.0" encoding="UTF-8"?>
<!-- Generated by org.testng.reporters.JUnitReportReporter -->
<testsuite hostname="DESKTOP-AI3O223" name="est_eval.Dashboard_Page" tests="1" failures="0" timestamp="14 Dec 2016 18:48:06 GMT" time="17.247" errors="0">
  <testcase name="testCal" time="17.247" classname="est_eval.Dashboard_Page"/>
</testsuite> <!-- est_eval.Dashboard_Page -->
