<?xml version="1.0" encoding="UTF-8"?>
<!-- Generated by org.testng.reporters.JUnitReportReporter -->
<testsuite hostname="MA-MSEDKY" name="est_eval.Compare_IsIc" tests="1" failures="0" timestamp="16 Feb 2017 09:39:14 GMT" time="72.069" errors="0">
  <testcase name="testCal" time="72.069" classname="est_eval.Compare_IsIc"/>
</testsuite> <!-- est_eval.Compare_IsIc -->
