<?xml version="1.0" encoding="UTF-8"?>
<!-- Generated by org.testng.reporters.JUnitReportReporter -->
<testsuite hostname="MA-MSEDKY" name="est_eval.Login_Page" tests="1" failures="0" timestamp="20 Nov 2017 11:25:03 GMT" time="5.823" errors="0">
  <testcase name="testCal" time="5.823" classname="est_eval.Login_Page"/>
</testsuite> <!-- est_eval.Login_Page -->
