<?xml version="1.0" encoding="UTF-8"?>
<!-- Generated by org.testng.reporters.JUnitReportReporter -->
<testsuite hostname="MA-MSEDKY" name="automated_HLS.Create_Request" tests="1" failures="0" timestamp="17 Dec 2017 11:58:02 GMT" time="34.413" errors="0">
  <testcase name="testCal" time="34.413" classname="automated_HLS.Create_Request"/>
</testsuite> <!-- automated_HLS.Create_Request -->
