<?xml version="1.0" encoding="UTF-8"?>
<!-- Generated by org.testng.reporters.JUnitReportReporter -->
<testsuite hostname="MA-MSEDKY" name="automated_HLS.create_Voc_request" tests="1" failures="0" timestamp="18 Dec 2017 09:28:51 GMT" time="27.425" errors="0">
  <testcase name="testCal" time="27.425" classname="automated_HLS.create_Voc_request"/>
</testsuite> <!-- automated_HLS.create_Voc_request -->
