<?xml version="1.0" encoding="UTF-8"?>
<!-- Generated by org.testng.reporters.JUnitReportReporter -->
<testsuite hostname="MA-MSEDKY" name="assign_pkg.Register_Sign_In" tests="1" failures="0" timestamp="17 Jan 2018 13:19:11 GMT" time="1.265" errors="0">
  <testcase name="testCal" time="1.265" classname="assign_pkg.Register_Sign_In"/>
</testsuite> <!-- assign_pkg.Register_Sign_In -->
