<?xml version="1.0" encoding="UTF-8"?>
<!-- Generated by org.testng.reporters.JUnitReportReporter -->
<testsuite hostname="MA-MSEDKY" name="area_decision.Area_get" tests="1" failures="0" timestamp="13 Dec 2017 12:54:33 GMT" time="23.417" errors="0">
  <testcase name="testCal" time="23.417" classname="area_decision.Area_get"/>
</testsuite> <!-- area_decision.Area_get -->
